<?xml version="1.0" encoding="utf-8"?><testsuites name="pytest tests"><testsuite name="pytest" errors="0" failures="0" skipped="0" tests="25" time="3.615" timestamp="2026-09-16T05:52:09.627538+00:00" hostname="agent-env-f758c5b8-8404-4136-91fa-8c507b1dfe05"><testcase classname="tests.test_chat_phase3.TestChatMatch" name="test_match_returns_registered_by_last10" time="0.557" /><testcase classname="tests.test_chat_phase3.TestChatMatch" name="test_match_excludes_self" time="0.060" /><testcase classname="tests.test_chat_phase3.TestChatMatch" name="test_match_unauth" time="0.056" /><testcase classname="tests.test_chat_phase3.TestOpenConversation" name="test_open_by_phone_returns_conv" time="0.061" /><testcase classname="tests.test_chat_phase3.TestOpenConversation" name="test_open_idempotent_same_id" time="0.118" /><testcase classname="tests.test_chat_phase3.TestOpenConversation" name="test_open_reverse_same_conv" time="0.060" /><testcase classname="tests.test_chat_phase3.TestOpenConversation" name="test_open_self_400" time="0.058" /><testcase classname="tests.test_chat_phase3.TestOpenConversation" name="test_open_unregistered_404" time="0.059" /><testcase classname="tests.test_chat_phase3.TestOpenConversation" name="test_open_unauth" time="0.058" /><testcase classname="tests.test_chat_phase3.TestListConversations" name="test_list_has_peer_and_updated" time="0.061" /><testcase classname="tests.test_chat_phase3.TestChatMessages" name="test_send_empty_text_422" time="0.060" /><testcase classname="tests.test_chat_phase3.TestChatMessages" name="test_send_text_ok" time="0.059" /><testcase classname="tests.test_chat_phase3.TestChatMessages" name="test_send_sign_composes" time="0.059" /><testcase classname="tests.test_chat_phase3.TestChatMessages" name="test_send_sign_empty_422" time="0.070" /><testcase classname="tests.test_chat_phase3.TestChatMessages" name="test_get_messages_marks_read" time="0.121" /><testcase classname="tests.test_chat_phase3.TestChatMessages" name="test_unread_increments_for_a" time="0.116" /><testcase classname="tests.test_chat_phase3.TestChatMessages" name="test_polling_after_returns_only_newer" time="0.059" /><testcase classname="tests.test_chat_phase3.TestChatMessages" name="test_polling_after_invalid_400" time="0.059" /><testcase classname="tests.test_chat_phase3.TestChatMessages" name="test_messages_404_for_outsider" time="0.061" /><testcase classname="tests.test_chat_phase3.TestChatMessages" name="test_messages_unauth" time="0.074" /><testcase classname="tests.test_chat_phase3.TestVoiceUpload" name="test_voice_non_audio_415" time="0.059" /><testcase classname="tests.test_chat_phase3.TestVoiceUpload" name="test_voice_empty_400" time="0.059" /><testcase classname="tests.test_chat_phase3.TestSignVideo" name="test_render_and_cache" time="1.349" /><testcase classname="tests.test_chat_phase3.TestSignVideo" name="test_video_served_mp4_and_webm" time="0.113" /><testcase classname="tests.test_chat_phase3.TestSignVideo" name="test_sign_video_forbidden_for_outsider" time="0.057" /></testsuite></testsuites>