<?xml version="1.0" encoding="utf-8"?><testsuites name="pytest tests"><testsuite name="pytest" errors="0" failures="0" skipped="0" tests="13" time="3.246" timestamp="2026-09-12T00:58:28.147889+00:00" hostname="agent-env-f758c5b8-8404-4136-91fa-8c507b1dfe05"><testcase classname="tests.test_favorites_new" name="test_create_three_favorites_get_order_field" time="0.862" /><testcase classname="tests.test_favorites_new" name="test_get_favorites_es_returns_in_order" time="0.118" /><testcase classname="tests.test_favorites_new" name="test_reorder_favorites" time="0.263" /><testcase classname="tests.test_favorites_new" name="test_rename_favorite_success" time="0.336" /><testcase classname="tests.test_favorites_new" name="test_rename_unknown_id_returns_404" time="0.153" /><testcase classname="tests.test_favorites_new" name="test_rename_empty_text_returns_400" time="0.123" /><testcase classname="tests.test_favorites_new" name="test_delete_favorite_still_works" time="0.283" /><testcase classname="tests.test_favorites_new" name="test_favorites_require_auth[GET-/api/favorites?language=es-None]" time="0.145" /><testcase classname="tests.test_favorites_new" name="test_favorites_require_auth[POST-/api/favorites-body1]" time="0.122" /><testcase classname="tests.test_favorites_new" name="test_favorites_require_auth[PATCH-/api/favorites/anything-body2]" time="0.155" /><testcase classname="tests.test_favorites_new" name="test_favorites_require_auth[PUT-/api/favorites/reorder-body3]" time="0.134" /><testcase classname="tests.test_favorites_new" name="test_favorites_require_auth[DELETE-/api/favorites/anything-None]" time="0.117" /><testcase classname="tests.test_favorites_new" name="test_cleanup" time="0.372" /></testsuite></testsuites>