<?xml version="1.0" encoding="utf-8"?><testsuites name="pytest tests"><testsuite name="pytest" errors="0" failures="0" skipped="0" tests="23" time="8.123" timestamp="2026-09-14T21:10:26.257152+00:00" hostname="agent-env-f758c5b8-8404-4136-91fa-8c507b1dfe05"><testcase classname="tests.test_iter8_bugfix.TestSecurity" name="test_otp_throttle_after_5_wrong" time="1.358" /><testcase classname="tests.test_iter8_bugfix.TestVision" name="test_auth_required" time="0.359" /><testcase classname="tests.test_iter8_bugfix.TestVision" name="test_short_image_422" time="0.519" /><testcase classname="tests.test_iter8_bugfix.TestVision" name="test_real_asl_letters[/tmp/asl_b.jpg-B]" time="1.431" /><testcase classname="tests.test_iter8_bugfix.TestSecurity" name="test_different_phone_still_works" time="0.164" /><testcase classname="tests.test_iter8_bugfix.TestSecurity" name="test_text_to_sign_600_chars_422" time="0.515" /><testcase classname="tests.test_iter8_bugfix.TestSecurity" name="test_favorite_400_chars_422" time="0.155" /><testcase classname="tests.test_iter8_bugfix.TestSecurity" name="test_voice_to_text_wrong_content_type_415" time="0.163" /><testcase classname="tests.test_iter8_bugfix.TestVision" name="test_real_asl_letters[/tmp/asl_l.jpg-L]" time="1.423" /><testcase classname="tests.test_iter8_bugfix.TestSecurity" name="test_voice_to_text_oversized_413" time="0.728" /><testcase classname="tests.test_iter8_bugfix.TestSecurity" name="test_cors_preflight" time="0.138" /><testcase classname="tests.test_iter8_bugfix.TestSignToText" name="test_empty_signs_returns_422" time="0.163" /><testcase classname="tests.test_iter8_bugfix.TestSignToText" name="test_letters_HOLA_to_Hola" time="0.160" /><testcase classname="tests.test_iter8_bugfix.TestSignToText" name="test_words_hello_friend" time="0.209" /><testcase classname="tests.test_iter8_bugfix.TestVision" name="test_real_asl_letters[/tmp/asl_y.jpg-Y]" time="1.390" /><testcase classname="tests.test_iter8_bugfix.TestSignToText" name="test_deterministic_three_calls_identical" time="0.604" /><testcase classname="tests.test_iter8_bugfix.TestSignToText" name="test_no_mock_phrases_leak" time="0.131" /><testcase classname="tests.test_iter8_bugfix.TestSignToText" name="test_hint_field_ignored" time="0.184" /><testcase classname="tests.test_iter8_bugfix.TestRegression" name="test_text_to_sign_ok" time="0.191" /><testcase classname="tests.test_iter8_bugfix.TestRegression" name="test_favorites_add_ok" time="0.178" /><testcase classname="tests.test_iter8_bugfix.TestRegression" name="test_phrases_list_ok" time="0.212" /><testcase classname="tests.test_iter8_bugfix.TestVision" name="test_data_url_prefix_accepted" time="1.193" /><testcase classname="tests.test_iter8_bugfix.TestVision" name="test_non_hand_image" time="1.473" /></testsuite></testsuites>