<?xml version="1.0" encoding="utf-8"?><testsuites name="pytest tests"><testsuite name="pytest" errors="0" failures="0" skipped="0" tests="7" time="1.076" timestamp="2026-09-11T21:53:46.816843+00:00" hostname="agent-env-f758c5b8-8404-4136-91fa-8c507b1dfe05"><testcase classname="tests.test_iter3_share_emoji.TestDictionaryEmoji" name="test_es_counts_and_emoji" time="0.354" /><testcase classname="tests.test_iter3_share_emoji.TestDictionaryEmoji" name="test_en_counts_and_emoji" time="0.075" /><testcase classname="tests.test_iter3_share_emoji.TestLearnEmojiPropagation" name="test_learn_today_word_items_have_emoji" time="0.553" /><testcase classname="tests.test_iter3_share_emoji.TestDictionaryEmoji" name="test_ids_unique" time="0.083" /><testcase classname="tests.test_iter3_share_emoji.TestDictionaryEmoji" name="test_specific_words_have_expected_emoji" time="0.152" /><testcase classname="tests.test_iter3_share_emoji.TestLearnEmojiPropagation" name="test_learn_today_es_contains_valid_entries" time="0.099" /><testcase classname="tests.test_iter3_share_emoji.TestDictionaryEmoji" name="test_no_mongo_id" time="0.071" /></testsuite></testsuites>