<?xml version="1.0" encoding="utf-8"?><testsuites name="pytest tests"><testsuite name="pytest" errors="0" failures="0" skipped="0" tests="14" time="1.763" timestamp="2026-09-11T21:39:16.348057+00:00" hostname="agent-env-f758c5b8-8404-4136-91fa-8c507b1dfe05"><testcase classname="tests.test_new_features.TestLearn" name="test_today_requires_auth" time="0.275" /><testcase classname="tests.test_new_features.TestFavorites" name="test_create_favorite_requires_auth" time="0.285" /><testcase classname="tests.test_new_features.TestLearn" name="test_progress_requires_auth" time="0.073" /><testcase classname="tests.test_new_features.TestFavorites" name="test_list_favorites_requires_auth" time="0.122" /><testcase classname="tests.test_new_features.TestLearn" name="test_complete_requires_auth" time="0.077" /><testcase classname="tests.test_new_features.TestFavorites" name="test_delete_favorite_requires_auth" time="0.096" /><testcase classname="tests.test_new_features.TestLearn" name="test_today_es_returns_5_items_with_shape" time="0.307" /><testcase classname="tests.test_new_features.TestFavorites" name="test_create_favorite_and_dedupe" time="0.410" /><testcase classname="tests.test_new_features.TestLearn" name="test_today_deterministic_same_day" time="0.153" /><testcase classname="tests.test_new_features.TestLearn" name="test_today_en_works" time="0.073" /><testcase classname="tests.test_new_features.TestFavorites" name="test_list_favorites_filter_by_language" time="0.087" /><testcase classname="tests.test_new_features.TestLearn" name="test_complete_flow_progress_and_idempotent" time="0.484" /><testcase classname="tests.test_new_features.TestFavorites" name="test_delete_favorite_and_404_on_second" time="0.331" /><testcase classname="tests.test_new_features.TestFavorites" name="test_empty_text_rejected" time="0.087" /></testsuite></testsuites>