<?xml version="1.0" encoding="utf-8"?><testsuites name="pytest tests"><testsuite name="pytest" errors="0" failures="0" skipped="0" tests="15" time="3.220" timestamp="2026-09-16T03:35:41.666929+00:00" hostname="agent-env-f758c5b8-8404-4136-91fa-8c507b1dfe05"><testcase classname="tests.test_phase2_avatar_video.TestAvatars" name="test_list_all" time="0.212" /><testcase classname="tests.test_phase2_avatar_video.TestAvatars" name="test_filter_male" time="0.122" /><testcase classname="tests.test_phase2_avatar_video.TestAvatars" name="test_filter_female" time="0.133" /><testcase classname="tests.test_phase2_avatar_video.TestAvatarProfile" name="test_set_valid_avatar" time="0.391" /><testcase classname="tests.test_phase2_avatar_video.TestAvatarProfile" name="test_me_returns_avatar" time="0.175" /><testcase classname="tests.test_phase2_avatar_video.TestAvatarProfile" name="test_invalid_avatar_returns_400" time="0.178" /><testcase classname="tests.test_phase2_avatar_video.TestTextToSign" name="test_text_to_sign_sol_m3" time="0.152" /><testcase classname="tests.test_phase2_avatar_video.TestTextToSign" name="test_get_video_full" time="0.127" /><testcase classname="tests.test_phase2_avatar_video.TestTextToSign" name="test_get_video_range" time="0.136" /><testcase classname="tests.test_phase2_avatar_video.TestTextToSign" name="test_get_webm_twin" time="0.146" /><testcase classname="tests.test_phase2_avatar_video.TestTextToSign" name="test_invalid_video_name_404" time="0.158" /><testcase classname="tests.test_phase2_avatar_video.TestTextToSign" name="test_cached_second_call_fast" time="0.147" /><testcase classname="tests.test_phase2_avatar_video.TestTextToSign" name="test_different_avatar_different_url" time="0.396" /><testcase classname="tests.test_phase2_avatar_video.TestTextToSign" name="test_english_water" time="0.515" /><testcase classname="tests.test_phase2_avatar_video.TestSignToTextRegression" name="test_sol_letters" time="0.177" /></testsuite></testsuites>