<?xml version="1.0" encoding="utf-8"?><testsuites name="pytest tests"><testsuite name="pytest" errors="0" failures="0" skipped="0" tests="7" time="2.301" timestamp="2026-09-11T22:20:55.365121+00:00" hostname="agent-env-f758c5b8-8404-4136-91fa-8c507b1dfe05"><testcase classname="tests.test_phrases_achievements.TestAchievementsFresh" name="test_achievements_requires_auth" time="0.337" /><testcase classname="tests.test_phrases_achievements.TestPhrases" name="test_phrases_es_no_auth" time="0.237" /><testcase classname="tests.test_phrases_achievements.TestPhrases" name="test_phrases_en" time="0.086" /><testcase classname="tests.test_phrases_achievements.TestPhrases" name="test_phrases_invalid_language" time="0.070" /><testcase classname="tests.test_phrases_achievements.TestFavAndMessages" name="test_fav_5_and_messages_10" time="1.575" /><testcase classname="tests.test_phrases_achievements.TestAchievementsFresh" name="test_fresh_user_all_locked" time="0.255" /><testcase classname="tests.test_phrases_achievements.TestPerfectLessonFlow" name="test_complete_perfect_unlocks_two" time="0.555" /></testsuite></testsuites>