<?xml version="1.0" encoding="utf-8"?><testsuites name="pytest tests"><testsuite name="pytest" errors="0" failures="0" skipped="0" tests="4" time="5.099" timestamp="2026-09-12T01:18:59.083246+00:00" hostname="agent-env-f758c5b8-8404-4136-91fa-8c507b1dfe05"><testcase classname="tests.test_practicar_frases.TestPhraseWeakAndReview" name="test_wrong_phrase_flows_to_weak_and_review_es" time="0.918" /><testcase classname="tests.test_practicar_frases.TestPracticarFrasesToday" name="test_iterate_users_distribution_and_shape" time="3.497" /><testcase classname="tests.test_practicar_frases.TestPracticarFrasesToday" name="test_today_is_deterministic_per_user" time="0.539" /><testcase classname="tests.test_practicar_frases.TestLanguageEnSymmetric" name="test_today_en_phrase_shape" time="0.734" /></testsuite></testsuites>