<?xml version="1.0" encoding="utf-8"?><testsuites name="pytest tests"><testsuite name="pytest" errors="0" failures="0" skipped="0" tests="16" time="3.678" timestamp="2026-09-16T06:12:43.736938+00:00" hostname="agent-env-f758c5b8-8404-4136-91fa-8c507b1dfe05"><testcase classname="tests.test_premium_paywall.TestActivateDeactivate" name="test_activate_yearly_unlocks_everything" time="0.780" /><testcase classname="tests.test_premium_paywall.TestBillingStatus" name="test_status_default_free" time="0.531" /><testcase classname="tests.test_premium_paywall.TestBillingStatus" name="test_status_unauth_401" time="0.073" /><testcase classname="tests.test_premium_paywall.TestAvatars" name="test_avatars_public" time="0.064" /><testcase classname="tests.test_premium_paywall.TestAvatars" name="test_avatars_free_user" time="0.109" /><testcase classname="tests.test_premium_paywall.TestProfileAvatarGuarding" name="test_free_cannot_set_locked_avatar" time="0.109" /><testcase classname="tests.test_premium_paywall.TestActivateDeactivate" name="test_activate_monthly_no_trial" time="0.064" /><testcase classname="tests.test_premium_paywall.TestActivateDeactivate" name="test_deactivate" time="0.121" /><testcase classname="tests.test_premium_paywall.TestProfileAvatarGuarding" name="test_free_can_set_free_avatar" time="0.067" /><testcase classname="tests.test_premium_paywall.TestTextToSign" name="test_text_to_sign_free_user" time="0.449" /><testcase classname="tests.test_premium_paywall.TestActivateDeactivate" name="test_activate_invalid_plan_422" time="0.309" /><testcase classname="tests.test_premium_paywall.TestActivateDeactivate" name="test_activate_unauth" time="0.058" /><testcase classname="tests.test_premium_paywall.TestActivateDeactivate" name="test_deactivate_unauth" time="0.061" /><testcase classname="tests.test_premium_paywall" name="test_zzz_final_cleanup_leaves_users_non_premium" time="0.867" /><testcase classname="tests.test_premium_paywall.TestTextToSign" name="test_text_to_sign_premium_priority" time="1.653" /><testcase classname="tests.test_premium_paywall.TestBillingPlans" name="test_plans_public_no_auth" time="0.259" /></testsuite></testsuites>