<?xml version="1.0" encoding="utf-8"?><testsuites name="pytest tests"><testsuite name="pytest" errors="0" failures="0" skipped="0" tests="16" time="6.832" timestamp="2026-09-11T21:13:17.026140+00:00" hostname="agent-env-f758c5b8-8404-4136-91fa-8c507b1dfe05"><testcase classname="tests.backend_test" name="test_send_otp" time="0.404" /><testcase classname="tests.backend_test" name="test_verify_otp_invalid" time="0.108" /><testcase classname="tests.backend_test" name="test_verify_otp_valid_returns_token_user" time="0.197" /><testcase classname="tests.backend_test" name="test_me" time="0.079" /><testcase classname="tests.backend_test" name="test_me_unauth" time="0.094" /><testcase classname="tests.backend_test" name="test_onboard" time="0.184" /><testcase classname="tests.backend_test" name="test_profile_patch" time="0.137" /><testcase classname="tests.backend_test" name="test_dictionary_es" time="0.091" /><testcase classname="tests.backend_test" name="test_dictionary_en" time="0.077" /><testcase classname="tests.backend_test" name="test_dictionary_letter_filter" time="0.085" /><testcase classname="tests.backend_test" name="test_dictionary_q_filter" time="0.105" /><testcase classname="tests.backend_test" name="test_dictionary_no_mongo_id" time="0.081" /><testcase classname="tests.backend_test" name="test_sign_to_text" time="3.048" /><testcase classname="tests.backend_test" name="test_text_to_sign" time="0.103" /><testcase classname="tests.backend_test" name="test_messages_list_and_clear" time="0.283" /><testcase classname="tests.backend_test" name="test_tts_flow" time="1.428" /></testsuite></testsuites>