<?xml version="1.0" encoding="utf-8"?><testsuites name="pytest tests"><testsuite name="pytest" errors="0" failures="0" skipped="0" tests="12" time="3.488" timestamp="2026-09-18T03:18:35.947075+00:00" hostname="agent-env-f758c5b8-8404-4136-91fa-8c507b1dfe05"><testcase classname="tests.test_real_clips_video_analysis.TestAvatarsInterpreters" name="test_avatars_include_interpreters" time="0.282" /><testcase classname="tests.test_real_clips_video_analysis.TestAvatarsInterpreters" name="test_interpreter_thumbnail_200" time="0.095" /><testcase classname="tests.test_real_clips_video_analysis.TestSignVideoUpload" name="test_sign_video_analysis_no_save" time="1.605" /><testcase classname="tests.test_real_clips_video_analysis.TestAvatarsInterpreters" name="test_interpreter_unknown_404" time="0.061" /><testcase classname="tests.test_real_clips_video_analysis.TestAvatarsInterpreters" name="test_avatar_portrait_m1_200" time="0.153" /><testcase classname="tests.test_real_clips_video_analysis.TestTextToSignRealClips" name="test_english_text_returns_mp4_with_ranges" time="0.519" /><testcase classname="tests.test_real_clips_video_analysis.TestTextToSignRealClips" name="test_spanish_text_returns_avatar_fallback_video" time="0.140" /><testcase classname="tests.test_real_clips_video_analysis.TestChatSignVideoRegression" name="test_chat_english_message_sign_video" time="1.276" /><testcase classname="tests.test_real_clips_video_analysis.TestSignVideoUpload" name="test_sign_video_analysis_save_persists_message" time="1.250" /><testcase classname="tests.test_real_clips_video_analysis.TestSignVideoUpload" name="test_sign_video_text_plain_415" time="0.072" /><testcase classname="tests.test_real_clips_video_analysis.TestSignVideoUpload" name="test_sign_video_tiny_file_400" time="0.087" /><testcase classname="tests.test_real_clips_video_analysis.TestSignVideoUpload" name="test_sign_video_no_auth_401" time="0.127" /></testsuite></testsuites>