<?xml version="1.0" encoding="utf-8"?><testsuites name="pytest tests"><testsuite name="pytest" errors="0" failures="0" skipped="0" tests="12" time="2.020" timestamp="2026-09-11T22:07:38.607678+00:00" hostname="agent-env-f758c5b8-8404-4136-91fa-8c507b1dfe05"><testcase classname="tests.test_review_mode.TestReviewAuth" name="test_get_requires_auth[/api/learn/today?language=es]" time="0.268" /><testcase classname="tests.test_review_mode.TestReviewAuth" name="test_get_requires_auth[/api/learn/progress]" time="0.196" /><testcase classname="tests.test_review_mode.TestReviewAuth" name="test_get_requires_auth[/api/learn/review?language=es]" time="0.130" /><testcase classname="tests.test_review_mode.TestReviewMode" name="test_01_today_returns_5_items_each_with_4_options" time="0.683" /><testcase classname="tests.test_review_mode.TestReviewAuth" name="test_post_requires_auth[/api/learn/complete-body0]" time="0.149" /><testcase classname="tests.test_review_mode.TestReviewMode" name="test_02_complete_marks_last_3_wrong_and_records_weak" time="0.173" /><testcase classname="tests.test_review_mode.TestReviewAuth" name="test_post_requires_auth[/api/learn/review/complete-body1]" time="0.203" /><testcase classname="tests.test_review_mode.TestReviewMode" name="test_03_progress_weak_count_3" time="0.132" /><testcase classname="tests.test_review_mode.TestReviewMode" name="test_04_review_es_returns_only_weak_ids_with_4_options" time="0.130" /><testcase classname="tests.test_review_mode.TestReviewMode" name="test_05_review_en_is_empty" time="0.153" /><testcase classname="tests.test_review_mode.TestReviewMode" name="test_06_review_complete_does_not_change_streak_and_masters_correct" time="0.173" /><testcase classname="tests.test_review_mode.TestReviewMode" name="test_07_progress_reflects_mastered_and_weak" time="0.245" /></testsuite></testsuites>