<?xml version="1.0" encoding="utf-8"?><testsuites name="pytest tests"><testsuite name="pytest" errors="0" failures="0" skipped="0" tests="10" time="8.283" timestamp="2026-09-18T03:18:43.754523+00:00" hostname="agent-env-f758c5b8-8404-4136-91fa-8c507b1dfe05"><testcase classname="tests.test_sign_frame_burst.TestSignToTextRegression" name="test_single_letter_W" time="0.333" /><testcase classname="tests.test_sign_frame_burst.TestSignFrameBurst" name="test_burst_W_static" time="1.886" /><testcase classname="tests.test_sign_frame_burst.TestSignToTextRegression" name="test_empty_signs_422" time="0.064" /><testcase classname="tests.test_sign_frame_burst.TestSignFrameBurst" name="test_burst_L_static_3frames" time="1.303" /><testcase classname="tests.test_sign_frame_burst.TestSignFrameBurst" name="test_burst_mixed_BLY" time="1.608" /><testcase classname="tests.test_sign_frame_burst.TestSignFrameBurst" name="test_legacy_single_image_base64" time="1.050" /><testcase classname="tests.test_sign_frame_burst.TestSignFrameBurst" name="test_data_url_prefix_accepted" time="1.474" /><testcase classname="tests.test_sign_frame_burst.TestSignFrameBurst" name="test_empty_body_422" time="0.066" /><testcase classname="tests.test_sign_frame_burst.TestSignFrameBurst" name="test_too_many_frames_422" time="0.465" /><testcase classname="tests.test_sign_frame_burst.TestSignFrameBurst" name="test_unauthenticated_401" time="0.084" /></testsuite></testsuites>