<?xml version="1.0" encoding="utf-8"?><testsuites name="pytest tests"><testsuite name="pytest" errors="0" failures="0" skipped="0" tests="10" time="8.019" timestamp="2026-09-16T03:13:54.728452+00:00" hostname="agent-env-f758c5b8-8404-4136-91fa-8c507b1dfe05"><testcase classname="tests.test_sign_frame_burst.TestSignToTextRegression" name="test_single_letter_W" time="0.399" /><testcase classname="tests.test_sign_frame_burst.TestSignFrameBurst" name="test_burst_W_static" time="1.825" /><testcase classname="tests.test_sign_frame_burst.TestSignToTextRegression" name="test_empty_signs_422" time="0.077" /><testcase classname="tests.test_sign_frame_burst.TestSignFrameBurst" name="test_burst_L_static_3frames" time="1.440" /><testcase classname="tests.test_sign_frame_burst.TestSignFrameBurst" name="test_burst_mixed_BLY" time="1.336" /><testcase classname="tests.test_sign_frame_burst.TestSignFrameBurst" name="test_legacy_single_image_base64" time="1.153" /><testcase classname="tests.test_sign_frame_burst.TestSignFrameBurst" name="test_data_url_prefix_accepted" time="1.508" /><testcase classname="tests.test_sign_frame_burst.TestSignFrameBurst" name="test_empty_body_422" time="0.075" /><testcase classname="tests.test_sign_frame_burst.TestSignFrameBurst" name="test_too_many_frames_422" time="0.264" /><testcase classname="tests.test_sign_frame_burst.TestSignFrameBurst" name="test_unauthenticated_401" time="0.079" /></testsuite></testsuites>