<?xml version="1.0" encoding="utf-8"?><testsuites name="pytest tests"><testsuite name="pytest" errors="0" failures="0" skipped="0" tests="13" time="1.986" timestamp="2026-09-14T23:04:29.267072+00:00" hostname="agent-env-f758c5b8-8404-4136-91fa-8c507b1dfe05"><testcase classname="tests.test_twilio_otp.TestSendOtpTest" name="test_send_otp_test_number_returns_mode_test" time="0.331" /><testcase classname="tests.test_twilio_otp.TestNonTestNumber" name="test_send_otp_real_number_502_generic" time="0.230" /><testcase classname="tests.test_twilio_otp.TestNonTestNumber" name="test_verify_otp_real_number_502_generic" time="0.060" /><testcase classname="tests.test_twilio_otp.TestNonTestNumber" name="test_public_502_masked_by_cdn" time="0.189" /><testcase classname="tests.test_twilio_otp.TestSendOtpTest" name="test_send_otp_formatting_variants_normalize[555 000 3333]" time="0.173" /><testcase classname="tests.test_twilio_otp.TestNonTestNumber" name="test_send_otp_invalid_too_short" time="0.139" /><testcase classname="tests.test_twilio_otp.TestSendOtpTest" name="test_send_otp_formatting_variants_normalize[(555) 000-3333]" time="0.156" /><testcase classname="tests.test_twilio_otp.TestVerifyOtpTest" name="test_verify_correct" time="0.119" /><testcase classname="tests.test_twilio_otp.TestSendOtpTest" name="test_send_otp_formatting_variants_normalize[555-000-3333]" time="0.152" /><testcase classname="tests.test_twilio_otp.TestVerifyOtpTest" name="test_verify_wrong" time="0.152" /><testcase classname="tests.test_twilio_otp.TestThrottle" name="test_wrong_codes_throttle" time="0.604" /><testcase classname="tests.test_twilio_otp.TestVerifyOtpTest" name="test_verify_formatting_variant" time="0.166" /><testcase classname="tests.test_twilio_otp.TestRegressionAuthed" name="test_traductor_favorites_after_login" time="0.226" /></testsuite></testsuites>