<?xml version="1.0" encoding="utf-8"?><testsuites name="pytest tests"><testsuite name="pytest" errors="0" failures="0" skipped="0" tests="16" time="5.991" timestamp="2026-09-18T03:14:26.123819+00:00" hostname="agent-env-f758c5b8-8404-4136-91fa-8c507b1dfe05"><testcase classname="tests.test_video_pipeline.TestSignVideo" name="test_sign_video_ok_save_false" time="1.474" /><testcase classname="tests.test_video_pipeline.TestSignVideo" name="test_sign_video_ok_save_true" time="0.934" /><testcase classname="tests.test_video_pipeline.TestSignVideo" name="test_sign_video_bad_content_type" time="0.068" /><testcase classname="tests.test_video_pipeline.TestSignVideo" name="test_sign_video_too_small" time="0.081" /><testcase classname="tests.test_video_pipeline.TestSignVideo" name="test_sign_video_unauthorized" time="0.083" /><testcase classname="tests.test_video_pipeline.TestTextToSign" name="test_text_to_sign_en_real_clip" time="0.456" /><testcase classname="tests.test_video_pipeline.TestTextToSign" name="test_text_to_sign_es_fallback" time="0.130" /><testcase classname="tests.test_video_pipeline.TestAvatars" name="test_avatars_catalog" time="0.066" /><testcase classname="tests.test_video_pipeline.TestAvatars" name="test_interpreter_thumbnail" time="0.066" /><testcase classname="tests.test_video_pipeline.TestAvatars" name="test_avatar_portrait" time="0.067" /><testcase classname="tests.test_video_pipeline.TestAvatars" name="test_interpreter_unknown_404" time="0.066" /><testcase classname="tests.test_video_pipeline.TestAvatars" name="test_avatar_portrait_unknown_404" time="0.064" /><testcase classname="tests.test_video_pipeline.TestRegressions" name="test_sign_frame_burst_stub" time="0.949" /><testcase classname="tests.test_video_pipeline.TestRegressions" name="test_sign_to_text_es_carlos" time="0.068" /><testcase classname="tests.test_video_pipeline.TestRegressions" name="test_chat_sign_video" time="1.164" /><testcase classname="tests.test_video_pipeline.TestZzzCleanup" name="test_deactivate_premium_for_test_users" time="0.164" /></testsuite></testsuites>